cxidb-21-run0130/cxidb-21-run0132/data1/LCLS_2013_Mar23_r0132_010320_ec8b.h5
cxidb-21-run0130/cxidb-21-run0132/data1/LCLS_2013_Mar23_r0132_010326_f4bf.h5
cxidb-21-run0130/cxidb-21-run0132/data1/LCLS_2013_Mar23_r0132_010319_eb9b.h5
cxidb-21-run0130/cxidb-21-run0132/data1/LCLS_2013_Mar23_r0132_010312_e1f9.h5
cxidb-21-run0130/cxidb-21-run0132/data1/LCLS_2013_Mar23_r0132_010304_d69b.h5
cxidb-21-run0130/cxidb-21-run0132/data1/LCLS_2013_Mar23_r0132_010335_10101.h5
cxidb-21-run0130/cxidb-21-run0132/data1/LCLS_2013_Mar23_r0132_010334_ffdb.h5
cxidb-21-run0130/cxidb-21-run0132/data1/LCLS_2013_Mar23_r0132_010335_101e5.h5
cxidb-21-run0130/cxidb-21-run0132/data1/LCLS_2013_Mar23_r0132_010315_e553.h5
cxidb-21-run0130/cxidb-21-run0132/data1/LCLS_2013_Mar23_r0132_010331_fc1b.h5
cxidb-21-run0130/cxidb-21-run0132/data1/LCLS_2013_Mar23_r0132_010402_12861.h5
cxidb-21-run0130/cxidb-21-run0132/data1/LCLS_2013_Mar23_r0132_010333_fea9.h5
cxidb-21-run0130/cxidb-21-run0132/data1/LCLS_2013_Mar23_r0132_010323_f057.h5
cxidb-21-run0130/cxidb-21-run0132/data1/LCLS_2013_Mar23_r0132_010338_1059f.h5
cxidb-21-run0130/cxidb-21-run0132/data1/LCLS_2013_Mar23_r0132_010310_df17.h5
cxidb-21-run0130/cxidb-21-run0132/data1/LCLS_2013_Mar23_r0132_010319_eabd.h5
cxidb-21-run0130/cxidb-21-run0132/data1/LCLS_2013_Mar23_r0132_010305_d7c1.h5
cxidb-21-run0130/cxidb-21-run0132/data1/LCLS_2013_Mar23_r0132_010337_1041f.h5
cxidb-21-run0130/cxidb-21-run0132/data1/LCLS_2013_Mar23_r0132_010310_df11.h5
cxidb-21-run0130/cxidb-21-run0132/data1/LCLS_2013_Mar23_r0132_010315_e523.h5
cxidb-21-run0130/cxidb-21-run0132/data1/LCLS_2013_Mar23_r0132_010336_10281.h5
cxidb-21-run0130/cxidb-21-run0132/data1/LCLS_2013_Mar23_r0132_010315_e52f.h5
cxidb-21-run0130/cxidb-21-run0132/data1/LCLS_2013_Mar23_r0132_010331_fba9.h5
cxidb-21-run0130/cxidb-21-run0132/data1/LCLS_2013_Mar23_r0132_010343_10cc5.h5
cxidb-21-run0130/cxidb-21-run0132/data1/LCLS_2013_Mar23_r0132_010317_e901.h5
cxidb-21-run0130/cxidb-21-run0132/data1/LCLS_2013_Mar23_r0132_010327_f5f7.h5
cxidb-21-run0130/cxidb-21-run0132/data1/LCLS_2013_Mar23_r0132_010310_deff.h5
cxidb-21-run0130/cxidb-21-run0132/data1/LCLS_2013_Mar23_r0132_010327_f5f1.h5
cxidb-21-run0130/cxidb-21-run0132/data1/LCLS_2013_Mar23_r0132_010331_fcc3.h5
cxidb-21-run0130/cxidb-21-run0132/data1/LCLS_2013_Mar23_r0132_010319_eba7.h5
cxidb-21-run0130/cxidb-21-run0132/data1/LCLS_2013_Mar23_r0132_010338_1054b.h5
cxidb-21-run0130/cxidb-21-run0132/data1/LCLS_2013_Mar23_r0132_010326_f4b9.h5
cxidb-21-run0130/cxidb-21-run0132/data1/LCLS_2013_Mar23_r0132_010311_e097.h5
cxidb-21-run0130/cxidb-21-run0132/data1/LCLS_2013_Mar23_r0132_010333_fe43.h5
cxidb-21-run0130/cxidb-21-run0132/data1/LCLS_2013_Mar23_r0132_010327_f687.h5
cxidb-21-run0130/cxidb-21-run0132/data1/LCLS_2013_Mar23_r0132_010320_ed27.h5
cxidb-21-run0130/cxidb-21-run0132/data1/LCLS_2013_Mar23_r0132_010340_10863.h5
cxidb-21-run0130/cxidb-21-run0132/data1/LCLS_2013_Mar23_r0132_010333_fe5b.h5
cxidb-21-run0130/cxidb-21-run0132/data1/LCLS_2013_Mar23_r0132_010306_d8bd.h5
cxidb-21-run0130/cxidb-21-run0132/data1/LCLS_2013_Mar23_r0132_010324_f24f.h5
cxidb-21-run0130/cxidb-21-run0132/data1/LCLS_2013_Mar23_r0132_010315_e529.h5
cxidb-21-run0130/cxidb-21-run0132/data1/LCLS_2013_Mar23_r0132_010319_ea9f.h5
cxidb-21-run0130/cxidb-21-run0132/data1/LCLS_2013_Mar23_r0132_010337_104f1.h5
cxidb-21-run0130/cxidb-21-run0132/data1/LCLS_2013_Mar23_r0132_010327_f675.h5
cxidb-21-run0130/cxidb-21-run0132/data1/LCLS_2013_Mar23_r0132_010338_1063b.h5
cxidb-21-run0130/cxidb-21-run0132/data1/LCLS_2013_Mar23_r0132_010334_ffab.h5
cxidb-21-run0130/cxidb-21-run0132/data1/LCLS_2013_Mar23_r0132_010341_10a7f.h5
cxidb-21-run0130/cxidb-21-run0132/data1/LCLS_2013_Mar23_r0132_010312_e1ed.h5
cxidb-21-run0130/cxidb-21-run0132/data1/LCLS_2013_Mar23_r0132_010332_fda1.h5
cxidb-21-run0130/cxidb-21-run0132/data1/LCLS_2013_Mar23_r0132_010341_10a19.h5
cxidb-21-run0130/cxidb-21-run0132/data1/LCLS_2013_Mar23_r0132_010323_f10b.h5
cxidb-21-run0130/cxidb-21-run0132/data1/LCLS_2013_Mar23_r0132_010311_dfc5.h5
cxidb-21-run0130/cxidb-21-run0132/data1/LCLS_2013_Mar23_r0132_010326_f4c5.h5
cxidb-21-run0130/cxidb-21-run0131/data1/LCLS_2013_Mar23_r0131_003832_bead.h5
cxidb-21-run0130/cxidb-21-run0131/data1/LCLS_2013_Mar23_r0131_003832_bf5b.h5
cxidb-21-run0130/cxidb-21-run0131/data1/LCLS_2013_Mar23_r0131_003730_684f.h5
cxidb-21-run0130/cxidb-21-run0131/data1/LCLS_2013_Mar23_r0131_003834_c195.h5
cxidb-21-run0130/cxidb-21-run0131/data1/LCLS_2013_Mar23_r0131_003900_e66d.h5
cxidb-21-run0130/cxidb-21-run0131/data1/LCLS_2013_Mar23_r0131_003835_c2c7.h5
cxidb-21-run0130/cxidb-21-run0131/data1/LCLS_2013_Mar23_r0131_003831_bd8d.h5
cxidb-21-run0130/cxidb-21-run0131/data1/LCLS_2013_Mar23_r0131_003717_55a7.h5
cxidb-21-run0130/cxidb-21-run0131/data1/LCLS_2013_Mar23_r0131_003844_d09b.h5
cxidb-21-run0130/cxidb-21-run0131/data1/LCLS_2013_Mar23_r0131_003851_da07.h5
cxidb-21-run0130/cxidb-21-run0131/data1/LCLS_2013_Mar23_r0131_003823_b32b.h5
